TN:
SF:src/view/article/find-end-of-object.ts
FN:1,findEndOfObject
FNF:1
FNH:1
FNDA:2,findEndOfObject
DA:1,1
DA:2,2
DA:8,2
DA:9,2
DA:10,16
DA:11,16
DA:13,0
DA:14,0
DA:15,0
DA:17,0
DA:18,0
DA:20,8
DA:21,1
DA:22,0
DA:23,7
DA:24,7
DA:26,0
DA:27,0
DA:29,8
DA:31,0
DA:32,0
DA:34,1
DA:35,1
DA:38,1
DA:39,1
DA:42,1
DA:43,1
DA:44,0
DA:48,0
LF:29
LH:17
BRDA:11,0,0,0
BRDA:11,0,1,0
BRDA:11,0,2,8
BRDA:11,0,3,0
BRDA:11,0,4,8
BRDA:13,1,0,0
BRDA:13,1,1,0
BRDA:14,2,0,0
BRDA:20,3,0,1
BRDA:20,3,1,7
BRDA:21,4,0,1
BRDA:23,5,0,0
BRDA:29,6,0,0
BRDA:29,6,1,1
BRDA:29,6,2,1
BRDA:29,6,3,1
BRDA:29,6,4,1
BRDA:29,6,5,1
BRDA:43,7,0,1
BRF:19
BRH:11
end_of_record
